#
# There is insufficient memory for the Java Runtime Environment to continue.
# Native memory allocation (malloc) failed to allocate 559376 bytes for Chunk::new
# Possible reasons:
#   The system is out of physical RAM or swap space
#   The process is running with CompressedOops enabled, and the Java Heap may be blocking the growth of the native heap
# Possible solutions:
#   Reduce memory load on the system
#   Increase physical memory or swap space
#   Check if swap backing store is full
#   Decrease Java heap size (-Xmx/-Xms)
#   Decrease number of Java threads
#   Decrease Java thread stack sizes (-Xss)
#   Set larger code cache with -XX:ReservedCodeCacheSize=
#   JVM is running with Zero Based Compressed Oops mode in which the Java heap is
#     placed in the first 32GB address space. The Java Heap base address is the
#     maximum limit for the native heap growth. Please use -XX:HeapBaseMinAddress
#     to set the Java Heap base and to place the Java Heap above 32GB virtual address.
# This output file may be truncated or incomplete.
#
#  Out of Memory Error (allocation.cpp:389), pid=10484, tid=0x00000000000053a4
#
# JRE version: Java(TM) SE Runtime Environment (8.0_221-b11) (build 1.8.0_221-b11)
# Java VM: Java HotSpot(TM) 64-Bit Server VM (25.221-b11 mixed mode windows-amd64 compressed oops)
# Failed to write core dump. Minidumps are not enabled by default on client versions of Windows
#

---------------  T H R E A D  ---------------

Current thread (0x000000001e637800):  JavaThread "C2 CompilerThread2" daemon [_thread_in_native, id=21412, stack(0x000000001f100000,0x000000001f200000)]

Stack: [0x000000001f100000,0x000000001f200000]
[error occurred during error reporting (printing stack bounds), id 0xc0000005]

Native frames: (J=compiled Java code, j=interpreted, Vv=VM code, C=native code)


Current CompileTask:
C2:    264  250       4       java.io.WinNTFileSystem::normalize (231 bytes)


---------------  P R O C E S S  ---------------

Java Threads: ( => current thread )
  0x000000001e6e1000 JavaThread "Service Thread" daemon [_thread_blocked, id=21232, stack(0x000000001f300000,0x000000001f400000)]
  0x000000001e641000 JavaThread "C1 CompilerThread3" daemon [_thread_blocked, id=2904, stack(0x000000001f200000,0x000000001f300000)]
=>0x000000001e637800 JavaThread "C2 CompilerThread2" daemon [_thread_in_native, id=21412, stack(0x000000001f100000,0x000000001f200000)]
  0x000000001e637000 JavaThread "C2 CompilerThread1" daemon [_thread_blocked, id=21452, stack(0x000000001f000000,0x000000001f100000)]
  0x000000001e635000 JavaThread "C2 CompilerThread0" daemon [_thread_blocked, id=10472, stack(0x000000001ef00000,0x000000001f000000)]
  0x000000001e633800 JavaThread "Attach Listener" daemon [_thread_blocked, id=12644, stack(0x000000001ee00000,0x000000001ef00000)]
  0x000000001e631800 JavaThread "Signal Dispatcher" daemon [_thread_blocked, id=11776, stack(0x000000001ed00000,0x000000001ee00000)]
  0x000000001e621000 JavaThread "Finalizer" daemon [_thread_blocked, id=564, stack(0x000000001eb00000,0x000000001ec00000)]
  0x000000001e620800 JavaThread "Reference Handler" daemon [_thread_blocked, id=17112, stack(0x000000001ea00000,0x000000001eb00000)]
  0x0000000002d25800 JavaThread "main" [_thread_in_Java, id=12596, stack(0x0000000002c20000,0x0000000002d20000)]

Other Threads:
  0x000000001c825800 VMThread [stack: 0x000000001e500000,0x000000001e600000] [id=15024]
  0x000000001e6fe800 WatcherThread [stack: 0x000000001f400000,0x000000001f500000] [id=9244]

VM state:not at safepoint (normal execution)

VM Mutex/Monitor currently owned by a thread: None

heap address: 0x00000006c1e00000, size: 4066 MB, Compressed Oops mode: Zero based, Oop shift amount: 3
Narrow klass base: 0x0000000000000000, Narrow klass shift: 3
Compressed class space size: 1073741824 Address: 0x00000007c0000000

Heap:
 PSYoungGen      total 76288K, used 23653K [0x000000076b500000, 0x0000000770a00000, 0x00000007c0000000)
  eden space 65536K, 36% used [0x000000076b500000,0x000000076cc195c8,0x000000076f500000)
  from space 10752K, 0% used [0x000000076ff80000,0x000000076ff80000,0x0000000770a00000)
  to   space 10752K, 0% used [0x000000076f500000,0x000000076f500000,0x000000076ff80000)
 ParOldGen       total 175104K, used 0K [0x00000006c1e00000, 0x00000006cc900000, 0x000000076b500000)
  object space 175104K, 0% used [0x00000006c1e00000,0x00000006c1e00000,0x00000006cc900000)
 Metaspace       used 2818K, capacity 4480K, committed 4480K, reserved 1056768K
  class space    used 289K, capacity 384K, committed 384K, reserved 1048576K

Card table byte_map: [0x00000000121e0000,0x00000000129e0000] byte_map_base: 0x000000000ebd1000

Marking Bits: (ParMarkBitMap*) 0x000000005aec5ce0
 Begin Bits: [0x0000000013730000, 0x00000000176b8000)
 End Bits:   [0x00000000176b8000, 0x000000001b640000)

Polling page: 0x0000000002b60000

CodeCache: size=245760Kb used=1851Kb max_used=1851Kb free=243908Kb
 bounds [0x0000000002e20000, 0x0000000003090000, 0x0000000011e20000]
 total_blobs=509 nmethods=273 adapters=149
 compilation: enabled

Compilation events (10 events):
Event: 0.254 Thread 0x000000001e641000  269  s!   3       sun.misc.URLClassPath::getLoader (243 bytes)
Event: 0.255 Thread 0x000000001e641000 nmethod 269 0x0000000002fe8d10 code [0x0000000002fe9120, 0x0000000002febd88]
Event: 0.255 Thread 0x000000001e641000  270       3       java.lang.Character::charCount (12 bytes)
Event: 0.256 Thread 0x000000001e641000 nmethod 270 0x0000000002fed890 code [0x0000000002fed9e0, 0x0000000002fedb70]
Event: 0.258 Thread 0x000000001e641000  272       3       java.util.WeakHashMap::remove (133 bytes)
Event: 0.259 Thread 0x000000001e641000 nmethod 272 0x0000000002fedbd0 code [0x0000000002feddc0, 0x0000000002fee8a8]
Event: 0.259 Thread 0x000000001e641000  271   !   3       java.util.zip.ZipFile$ZipFileInputStream::close (110 bytes)
Event: 0.259 Thread 0x000000001e641000 nmethod 271 0x0000000002feed10 code [0x0000000002feeec0, 0x0000000002fef6f8]
Event: 0.261 Thread 0x000000001e641000  273       3       java.io.FilterInputStream::<init> (10 bytes)
Event: 0.261 Thread 0x000000001e641000 nmethod 273 0x0000000002fefa90 code [0x0000000002fefc00, 0x0000000002fefe50]

GC Heap History (0 events):
No events

Deoptimization events (0 events):
No events

Classes redefined (0 events):
No events

Internal exceptions (10 events):
Event: 0.262 Thread 0x0000000002d25800 Exception <a 'java/security/PrivilegedActionException'> (0x000000076cb267c0) thrown at [C:\re\workspace\8-2-build-windows-amd64-cygwin\jdk8u221\13320\hotspot\src\share\vm\prims\jvm.cpp, line 1502]
Event: 0.262 Thread 0x0000000002d25800 Exception <a 'java/security/PrivilegedActionException'> (0x000000076cb269d0) thrown at [C:\re\workspace\8-2-build-windows-amd64-cygwin\jdk8u221\13320\hotspot\src\share\vm\prims\jvm.cpp, line 1502]
Event: 0.262 Thread 0x0000000002d25800 Exception <a 'java/security/PrivilegedActionException'> (0x000000076cb27840) thrown at [C:\re\workspace\8-2-build-windows-amd64-cygwin\jdk8u221\13320\hotspot\src\share\vm\prims\jvm.cpp, line 1502]
Event: 0.262 Thread 0x0000000002d25800 Exception <a 'java/security/PrivilegedActionException'> (0x000000076cb27a50) thrown at [C:\re\workspace\8-2-build-windows-amd64-cygwin\jdk8u221\13320\hotspot\src\share\vm\prims\jvm.cpp, line 1502]
Event: 0.262 Thread 0x0000000002d25800 Exception <a 'java/security/PrivilegedActionException'> (0x000000076cb288c8) thrown at [C:\re\workspace\8-2-build-windows-amd64-cygwin\jdk8u221\13320\hotspot\src\share\vm\prims\jvm.cpp, line 1502]
Event: 0.262 Thread 0x0000000002d25800 Exception <a 'java/security/PrivilegedActionException'> (0x000000076cb28ad8) thrown at [C:\re\workspace\8-2-build-windows-amd64-cygwin\jdk8u221\13320\hotspot\src\share\vm\prims\jvm.cpp, line 1502]
Event: 0.262 Thread 0x0000000002d25800 Exception <a 'java/security/PrivilegedActionException'> (0x000000076cb29a00) thrown at [C:\re\workspace\8-2-build-windows-amd64-cygwin\jdk8u221\13320\hotspot\src\share\vm\prims\jvm.cpp, line 1502]
Event: 0.262 Thread 0x0000000002d25800 Exception <a 'java/security/PrivilegedActionException'> (0x000000076cb29c10) thrown at [C:\re\workspace\8-2-build-windows-amd64-cygwin\jdk8u221\13320\hotspot\src\share\vm\prims\jvm.cpp, line 1502]
Event: 0.262 Thread 0x0000000002d25800 Exception <a 'java/security/PrivilegedActionException'> (0x000000076cb2aaa0) thrown at [C:\re\workspace\8-2-build-windows-amd64-cygwin\jdk8u221\13320\hotspot\src\share\vm\prims\jvm.cpp, line 1502]
Event: 0.262 Thread 0x0000000002d25800 Exception <a 'java/security/PrivilegedActionException'> (0x000000076cb2acb0) thrown at [C:\re\workspace\8-2-build-windows-amd64-cygwin\jdk8u221\13320\hotspot\src\share\vm\prims\jvm.cpp, line 1502]

Events (10 events):
Event: 0.140 Thread 0x0000000002d25800 DEOPT PACKING pc=0x0000000002f5804a sp=0x0000000002d1dfe0
Event: 0.140 Thread 0x0000000002d25800 DEOPT UNPACKING pc=0x0000000002e67890 sp=0x0000000002d1de88 mode 0
Event: 0.141 Thread 0x0000000002d25800 DEOPT PACKING pc=0x0000000002f5804a sp=0x0000000002d1dfe0
Event: 0.141 Thread 0x0000000002d25800 DEOPT UNPACKING pc=0x0000000002e67890 sp=0x0000000002d1de88 mode 0
Event: 0.227 Thread 0x0000000002d25800 DEOPT PACKING pc=0x0000000002f4f09c sp=0x0000000002d1c7d0
Event: 0.227 Thread 0x0000000002d25800 DEOPT UNPACKING pc=0x0000000002e67890 sp=0x0000000002d1c648 mode 0
Event: 0.246 Thread 0x0000000002d25800 DEOPT PACKING pc=0x0000000002f4f09c sp=0x0000000002d1d600
Event: 0.246 Thread 0x0000000002d25800 DEOPT UNPACKING pc=0x0000000002e67890 sp=0x0000000002d1d478 mode 0
Event: 0.255 Thread 0x0000000002d25800 DEOPT PACKING pc=0x0000000002f4f09c sp=0x0000000002d1c7e0
Event: 0.255 Thread 0x0000000002d25800 DEOPT UNPACKING pc=0x0000000002e67890 sp=0x0000000002d1c658 mode 0


Dynamic libraries:
0x00007ff7cc260000 - 0x00007ff7cc297000 	C:\Program Files\Java\jdk1.8.0_221\bin\java.exe
0x00007ffe614e0000 - 0x00007ffe616d0000 	C:\WINDOWS\SYSTEM32\ntdll.dll
0x00007ffe610d0000 - 0x00007ffe61182000 	C:\WINDOWS\System32\KERNEL32.DLL
0x00007ffe5f230000 - 0x00007ffe5f4d5000 	C:\WINDOWS\System32\KERNELBASE.dll
0x00007ffe60290000 - 0x00007ffe60333000 	C:\WINDOWS\System32\ADVAPI32.dll
0x00007ffe60380000 - 0x00007ffe6041e000 	C:\WINDOWS\System32\msvcrt.dll
0x00007ffe61190000 - 0x00007ffe61227000 	C:\WINDOWS\System32\sechost.dll
0x00007ffe5f600000 - 0x00007ffe5f720000 	C:\WINDOWS\System32\RPCRT4.dll
0x00007ffe61230000 - 0x00007ffe613c4000 	C:\WINDOWS\System32\USER32.dll
0x00007ffe5f560000 - 0x00007ffe5f581000 	C:\WINDOWS\System32\win32u.dll
0x00007ffe60340000 - 0x00007ffe60366000 	C:\WINDOWS\System32\GDI32.dll
0x00007ffe5e4c0000 - 0x00007ffe5e656000 	C:\WINDOWS\System32\gdi32full.dll
0x00007ffe5e7b0000 - 0x00007ffe5e84e000 	C:\WINDOWS\System32\msvcp_win.dll
0x00007ffe5e9a0000 - 0x00007ffe5ea9a000 	C:\WINDOWS\System32\ucrtbase.dll
0x00007ffe53c50000 - 0x00007ffe53ed4000 	C:\WINDOWS\WinSxS\amd64_microsoft.windows.common-controls_6595b64144ccf1df_6.0.18362.1198_none_9e820b57e45ad92f\COMCTL32.dll
0x00007ffe5fae0000 - 0x00007ffe5fe15000 	C:\WINDOWS\System32\combase.dll
0x00007ffe5f4e0000 - 0x00007ffe5f560000 	C:\WINDOWS\System32\bcryptPrimitives.dll
0x00007ffe60fc0000 - 0x00007ffe60fee000 	C:\WINDOWS\System32\IMM32.DLL
0x000000005bd70000 - 0x000000005be42000 	C:\Program Files\Java\jdk1.8.0_221\jre\bin\msvcr100.dll
0x000000005a6a0000 - 0x000000005af45000 	C:\Program Files\Java\jdk1.8.0_221\jre\bin\server\jvm.dll
0x00007ffe60ff0000 - 0x00007ffe60ff8000 	C:\WINDOWS\System32\PSAPI.DLL
0x00007ffe3ffe0000 - 0x00007ffe3ffe9000 	C:\WINDOWS\SYSTEM32\WSOCK32.dll
0x00007ffe5c140000 - 0x00007ffe5c164000 	C:\WINDOWS\SYSTEM32\WINMM.dll
0x00007ffe5cf40000 - 0x00007ffe5cf4a000 	C:\WINDOWS\SYSTEM32\VERSION.dll
0x00007ffe61000000 - 0x00007ffe6106f000 	C:\WINDOWS\System32\WS2_32.dll
0x00007ffe5c030000 - 0x00007ffe5c05d000 	C:\WINDOWS\SYSTEM32\winmmbase.dll
0x00007ffe5e760000 - 0x00007ffe5e7aa000 	C:\WINDOWS\System32\cfgmgr32.dll
0x00007ffe5ce00000 - 0x00007ffe5ce0f000 	C:\Program Files\Java\jdk1.8.0_221\jre\bin\verify.dll
0x00007ffe59010000 - 0x00007ffe59039000 	C:\Program Files\Java\jdk1.8.0_221\jre\bin\java.dll
0x00007ffe57080000 - 0x00007ffe57096000 	C:\Program Files\Java\jdk1.8.0_221\jre\bin\zip.dll
0x00007ffe608d0000 - 0x00007ffe60fb7000 	C:\WINDOWS\System32\SHELL32.dll
0x00007ffe607b0000 - 0x00007ffe60859000 	C:\WINDOWS\System32\shcore.dll
0x00007ffe5eaa0000 - 0x00007ffe5f221000 	C:\WINDOWS\System32\windows.storage.dll
0x00007ffe5e430000 - 0x00007ffe5e453000 	C:\WINDOWS\System32\profapi.dll
0x00007ffe5e3c0000 - 0x00007ffe5e40a000 	C:\WINDOWS\System32\powrprof.dll
0x00007ffe5e390000 - 0x00007ffe5e3a0000 	C:\WINDOWS\System32\UMPDC.dll
0x00007ffe5f5a0000 - 0x00007ffe5f5f2000 	C:\WINDOWS\System32\shlwapi.dll
0x00007ffe5e410000 - 0x00007ffe5e421000 	C:\WINDOWS\System32\kernel.appcore.dll
0x00007ffe5e690000 - 0x00007ffe5e6a7000 	C:\WINDOWS\System32\cryptsp.dll

VM Arguments:
jvm_args: -ea -Xbootclasspath/p:C:\Users\chai.JIEBEI\Documents\NUS\Y3S1\IS4103\KMS\KMS\KMS-war\lib\javaee-endorsed-api-7.0\javax.annotation-api.jar;C:\Users\chai.JIEBEI\Documents\NUS\Y3S1\IS4103\KMS\KMS\KMS-war\lib\javaee-endorsed-api-7.0\javax.xml.soap-api.jar;C:\Users\chai.JIEBEI\Documents\NUS\Y3S1\IS4103\KMS\KMS\KMS-war\lib\javaee-endorsed-api-7.0\jaxb-api-osgi.jar;C:\Users\chai.JIEBEI\Documents\NUS\Y3S1\IS4103\KMS\KMS\KMS-war\lib\javaee-endorsed-api-7.0\jaxws-api.jar;C:\Users\chai.JIEBEI\Documents\NUS\Y3S1\IS4103\KMS\KMS\KMS-war\lib\javaee-endorsed-api-7.0\jsr181-api.jar 
java_command: org.apache.tools.ant.taskdefs.optional.junit.JUnitTestRunner session.stateless.HumanResourcePostingSessionBeanTest skipNonTests=false filtertrace=true haltOnError=false haltOnFailure=false showoutput=true outputtoformatters=true logfailedtests=true threadid=0 logtestlistenerevents=true formatter=org.apache.tools.ant.taskdefs.optional.junit.BriefJUnitResultFormatter formatter=org.apache.tools.ant.taskdefs.optional.junit.XMLJUnitResultFormatter,C:\Users\CHAI~1.JIE\AppData\Local\Temp\TEST-session.stateless.HumanResourcePostingSessionBeanTest.xml crashfile=C:\Users\chai.JIEBEI\AppData\Local\NetBeans\Cache\11.0\executor-snippets\junitvmwatcher2970245732992463138.properties propsfile=C:\Users\chai.JIEBEI\AppData\Local\NetBeans\Cache\11.0\executor-snippets\junit2382756720513909003.properties
java_class_path (initial): C:\Users\chai.JIEBEI\Documents\NUS\Y3S1\IS4103\KMS\KMS\KMS-war\lib\javaee-api-7.0\javaee-api-7.0.jar;C:\Users\chai.JIEBEI\Documents\NUS\Y3S1\IS4103\KMS\KMS\KMS-war\lib\commons-io-2.8.0.jar;C:\Users\chai.JIEBEI\Documents\NUS\Y3S1\IS4103\KMS\KMS\KMS-war\lib\poi-4.1.2.jar;C:\Users\chai.JIEBEI\Documents\NUS\Y3S1\IS4103\KMS\KMS\KMS-war\lib\poi-ooxml-4.1.2.jar;C:\Users\chai.JIEBEI\Documents\NUS\Y3S1\IS4103\KMS\KMS\KMS-war\lib\commons-csv-1.8.jar;C:\Users\chai.JIEBEI\Documents\NUS\Y3S1\IS4103\KMS\KMS\KMS-war\lib\poi-ooxml-schemas-4.1.2.jar;C:\Users\chai.JIEBEI\Documents\NUS\Y3S1\IS4103\KMS\KMS\KMS-war\lib\curvesapi-1.06.jar;C:\Users\chai.JIEBEI\Documents\NUS\Y3S1\IS4103\KMS\KMS\KMS-war\lib\xmlbeans-3.1.0.jar;C:\Users\chai.JIEBEI\Documents\NUS\Y3S1\IS4103\KMS\KMS\KMS-war\lib\poi-examples-4.1.2.jar;C:\Users\chai.JIEBEI\Documents\NUS\Y3S1\IS4103\KMS\KMS\KMS-war\lib\poi-excelant-4.1.2.jar;C:\Users\chai.JIEBEI\Documents\NUS\Y3S1\IS4103\KMS\KMS\KMS-war\lib\poi-scratchpad-4.1.2.jar;C:\Users\chai.JIEBEI\Documents\NUS\Y3S1\IS4103\KMS\KMS\KMS-war\lib\commons-text-1.9-javadoc.jar;C:\Users\chai.JIEBEI\Documents\NUS\Y3S1\IS4103\KMS\KMS\KMS-war\lib\SparseBitSet-1.2.jar;C:\Users\chai.JIEBEI\Documents\NUS\Y3S1\IS4103\KMS\KMS\KMS-war\lib\activation-1.1.1.jar;C:\Users\chai.JIEBEI\Documents\NUS\Y3S1\IS4103\KMS\KMS\KMS-war\lib\commons-codec-1.13.jar;C:\Users\chai.JIEBEI\Documents\NUS\Y3S1\IS4103\KMS\KMS\KMS-war\lib\commons-collections4-4.4.jar;C:\Users\chai.JIEBEI\Documents\NUS\Y3S1\IS4103\KMS\KMS\KMS-war\lib\commons-compress-1.19.jar;C:\Users\chai.JIEBEI\Documents\NUS\Y3S1\IS4103\KMS\KMS\KMS-war\lib\commons-logging-1.2.jar;C:\Users\chai.JIEBEI\Documents\NUS\Y3S1\IS4103\KMS\KMS\KMS-war\lib\commons-math3-3.6.1.jar;C:\Users\chai.JIEBEI\Documents\NUS\Y3S1\IS4103\KMS\KMS\KMS-war\lib\jaxb-api-2.3.1.jar;C:\Users\chai.JIEBEI\Documents\NUS\Y3S1\IS4103\KMS\KMS\KMS-war\lib\jaxb-core-2.3.0.1.jar;C:\Users\chai.JIEBEI\Documents\NUS\Y3S1\IS4103\KMS\KMS\KMS-war\lib\jaxb-impl-2.3
Launcher Type: SUN_STANDARD

Environment Variables:
JAVA_HOME=C:\Program Files\Java\jdk1.8.0_221
USERNAME=chai
OS=Windows_NT
PROCESSOR_IDENTIFIER=Intel64 Family 6 Model 142 Stepping 10, GenuineIntel



---------------  S Y S T E M  ---------------

OS: Windows 10.0 , 64 bit Build 18362 (10.0.18362.1110)

CPU:total 8 (initial active 8) (4 cores per cpu, 2 threads per core) family 6 model 142 stepping 10, cmov, cx8, fxsr, mmx, sse, sse2, sse3, ssse3, sse4.1, sse4.2, popcnt, avx, avx2, aes, clmul, erms, 3dnowpref, lzcnt, ht, tsc, tscinvbit, bmi1, bmi2, adx

Memory: 4k page, physical 16653516k(4904600k free), swap 17702092k(5228k free)

vm_info: Java HotSpot(TM) 64-Bit Server VM (25.221-b11) for windows-amd64 JRE (1.8.0_221-b11), built on Jul  4 2019 04:39:29 by "java_re" with MS VC++ 10.0 (VS2010)

time: Tue Dec 01 16:05:52 2020
timezone: Malay Peninsula Standard Time
elapsed time: 0 seconds (0d 0h 0m 0s)

